This is pdfTeX, Version 3.1415926-2.5-1.40.14 (TeX Live 2013/Debian) (format=pdflatex 2015.1.16)  1 MAR 2015 14:41
entering extended mode
 restricted \write18 enabled.
 %&-line parsing enabled.
**hw4.tex
(./hw4.tex
LaTeX2e <2011/06/27>
Babel <3.9h> and hyphenation patterns for 78 languages loaded.
(/usr/share/texlive/texmf-dist/tex/latex/base/article.cls
Document Class: article 2007/10/19 v1.4h Standard LaTeX document class
(/usr/share/texlive/texmf-dist/tex/latex/base/size11.clo
File: size11.clo 2007/10/19 v1.4h Standard LaTeX file (size option)
)
\c@part=\count79
\c@section=\count80
\c@subsection=\count81
\c@subsubsection=\count82
\c@paragraph=\count83
\c@subparagraph=\count84
\c@figure=\count85
\c@table=\count86
\abovecaptionskip=\skip41
\belowcaptionskip=\skip42
\bibindent=\dimen102
)
(/usr/share/texlive/texmf-dist/tex/latex/preprint/fullpage.sty
Package: fullpage 1999/02/23 1.1 (PWD)
\FP@margin=\skip43
)
(/usr/share/texlive/texmf-dist/tex/latex/graphics/graphicx.sty
Package: graphicx 1999/02/16 v1.0f Enhanced LaTeX Graphics (DPC,SPQR)

(/usr/share/texlive/texmf-dist/tex/latex/graphics/keyval.sty
Package: keyval 1999/03/16 v1.13 key=value parser (DPC)
\KV@toks@=\toks14
)
(/usr/share/texlive/texmf-dist/tex/latex/graphics/graphics.sty
Package: graphics 2009/02/05 v1.0o Standard LaTeX Graphics (DPC,SPQR)

(/usr/share/texlive/texmf-dist/tex/latex/graphics/trig.sty
Package: trig 1999/03/16 v1.09 sin cos tan (DPC)
)
(/usr/share/texlive/texmf-dist/tex/latex/latexconfig/graphics.cfg
File: graphics.cfg 2010/04/23 v1.9 graphics configuration of TeX Live
)
Package graphics Info: Driver file: pdftex.def on input line 91.

(/usr/share/texlive/texmf-dist/tex/latex/pdftex-def/pdftex.def
File: pdftex.def 2011/05/27 v0.06d Graphics/color for pdfTeX

(/usr/share/texlive/texmf-dist/tex/generic/oberdiek/infwarerr.sty
Package: infwarerr 2010/04/08 v1.3 Providing info/warning/error messages (HO)
)
(/usr/share/texlive/texmf-dist/tex/generic/oberdiek/ltxcmds.sty
Package: ltxcmds 2011/11/09 v1.22 LaTeX kernel commands for general use (HO)
)
\Gread@gobject=\count87
))
\Gin@req@height=\dimen103
\Gin@req@width=\dimen104
)
(/usr/share/texlive/texmf-dist/tex/latex/base/latexsym.sty
Package: latexsym 1998/08/17 v2.2e Standard LaTeX package (lasy symbols)
\symlasy=\mathgroup4
LaTeX Font Info:    Overwriting symbol font `lasy' in version `bold'
(Font)                  U/lasy/m/n --> U/lasy/b/n on input line 47.
)
(/usr/share/texlive/texmf-dist/tex/latex/picinpar/picinpar.sty
Pictures in Paragraphs. Version 1.2a, July 13, 1993
\br=\count88
\bl=\count89
\na=\count90
\nb=\count91
\tcdsav=\count92
\tcl=\count93
\tcd=\count94
\tcn=\count95
\cumtcl=\count96
\cumpartcl=\count97
\lftside=\dimen105
\rtside=\dimen106
\hpic=\dimen107
\vpic=\dimen108
\strutilg=\dimen109
\picwd=\dimen110
\topheight=\dimen111
\ilg=\dimen112
\lpic=\dimen113
\lwindowsep=\dimen114
\rwindowsep=\dimen115
\cumpar=\dimen116
\twa=\toks15
\la=\toks16
\ra=\toks17
\ha=\toks18
\pictoc=\toks19
\rawtext=\box26
\holder=\box27
\windowbox=\box28
\wartext=\box29
\finaltext=\box30
\aslice=\box31
\bslice=\box32
\wbox=\box33
\wstrutbox=\box34
\picbox=\box35
\waslice=\box36
\wbslice=\box37
\fslice=\box38
) (/usr/share/texlive/texmf-dist/tex/latex/amsmath/amsbsy.sty
Package: amsbsy 1999/11/29 v1.2d

(/usr/share/texlive/texmf-dist/tex/latex/amsmath/amsgen.sty
File: amsgen.sty 1999/11/30 v2.0
\@emptytoks=\toks20
\ex@=\dimen117
)
\pmbraise@=\dimen118
)
(/usr/share/texlive/texmf-dist/tex/latex/amsmath/amsmath.sty
Package: amsmath 2013/01/14 v2.14 AMS math features
\@mathmargin=\skip44

For additional information on amsmath, use the `?' option.
(/usr/share/texlive/texmf-dist/tex/latex/amsmath/amstext.sty
Package: amstext 2000/06/29 v2.01
)
(/usr/share/texlive/texmf-dist/tex/latex/amsmath/amsopn.sty
Package: amsopn 1999/12/14 v2.01 operator names
)
\inf@bad=\count98
LaTeX Info: Redefining \frac on input line 210.
\uproot@=\count99
\leftroot@=\count100
LaTeX Info: Redefining \overline on input line 306.
\classnum@=\count101
\DOTSCASE@=\count102
LaTeX Info: Redefining \ldots on input line 378.
LaTeX Info: Redefining \dots on input line 381.
LaTeX Info: Redefining \cdots on input line 466.
\Mathstrutbox@=\box39
\strutbox@=\box40
\big@size=\dimen119
LaTeX Font Info:    Redeclaring font encoding OML on input line 566.
LaTeX Font Info:    Redeclaring font encoding OMS on input line 567.
\macc@depth=\count103
\c@MaxMatrixCols=\count104
\dotsspace@=\muskip10
\c@parentequation=\count105
\dspbrk@lvl=\count106
\tag@help=\toks21
\row@=\count107
\column@=\count108
\maxfields@=\count109
\andhelp@=\toks22
\eqnshift@=\dimen120
\alignsep@=\dimen121
\tagshift@=\dimen122
\tagwidth@=\dimen123
\totwidth@=\dimen124
\lineht@=\dimen125
\@envbody=\toks23
\multlinegap=\skip45
\multlinetaggap=\skip46
\mathdisplay@stack=\toks24
LaTeX Info: Redefining \[ on input line 2665.
LaTeX Info: Redefining \] on input line 2666.
)
(/usr/share/texlive/texmf-dist/tex/latex/amsfonts/amsfonts.sty
Package: amsfonts 2013/01/14 v3.01 Basic AMSFonts support
\symAMSa=\mathgroup5
\symAMSb=\mathgroup6
LaTeX Font Info:    Overwriting math alphabet `\mathfrak' in version `bold'
(Font)                  U/euf/m/n --> U/euf/b/n on input line 106.
) (./macros.tex
\c@problemnumber=\count110
\c@solutionnumber=\count111
)
(./pdf/hw4.aux)
\openout1 = `pdf/hw4.aux'.

LaTeX Font Info:    Checking defaults for OML/cmm/m/it on input line 7.
LaTeX Font Info:    ... okay on input line 7.
LaTeX Font Info:    Checking defaults for T1/cmr/m/n on input line 7.
LaTeX Font Info:    ... okay on input line 7.
LaTeX Font Info:    Checking defaults for OT1/cmr/m/n on input line 7.
LaTeX Font Info:    ... okay on input line 7.
LaTeX Font Info:    Checking defaults for OMS/cmsy/m/n on input line 7.
LaTeX Font Info:    ... okay on input line 7.
LaTeX Font Info:    Checking defaults for OMX/cmex/m/n on input line 7.
LaTeX Font Info:    ... okay on input line 7.
LaTeX Font Info:    Checking defaults for U/cmr/m/n on input line 7.
LaTeX Font Info:    ... okay on input line 7.
 (/usr/share/texlive/texmf-dist/tex/context/base/supp-pdf.mkii
[Loading MPS to PDF converter (version 2006.09.02).]
\scratchcounter=\count112
\scratchdimen=\dimen126
\scratchbox=\box41
\nofMPsegments=\count113
\nofMParguments=\count114
\everyMPshowfont=\toks25
\MPscratchCnt=\count115
\MPscratchDim=\dimen127
\MPnumerator=\count116
\makeMPintoPDFobject=\count117
\everyMPtoPDFconversion=\toks26
) (/usr/share/texlive/texmf-dist/tex/generic/oberdiek/pdftexcmds.sty
Package: pdftexcmds 2011/11/29 v0.20 Utility functions of pdfTeX for LuaTeX (HO
)

(/usr/share/texlive/texmf-dist/tex/generic/oberdiek/ifluatex.sty
Package: ifluatex 2010/03/01 v1.3 Provides the ifluatex switch (HO)
Package ifluatex Info: LuaTeX not detected.
)
(/usr/share/texlive/texmf-dist/tex/generic/oberdiek/ifpdf.sty
Package: ifpdf 2011/01/30 v2.3 Provides the ifpdf switch (HO)
Package ifpdf Info: pdfTeX in PDF mode is detected.
)
Package pdftexcmds Info: LuaTeX not detected.
Package pdftexcmds Info: \pdf@primitive is available.
Package pdftexcmds Info: \pdf@ifprimitive is available.
Package pdftexcmds Info: \pdfdraftmode found.
)
(/usr/share/texlive/texmf-dist/tex/latex/oberdiek/epstopdf-base.sty
Package: epstopdf-base 2010/02/09 v2.5 Base part for package epstopdf

(/usr/share/texlive/texmf-dist/tex/latex/oberdiek/grfext.sty
Package: grfext 2010/08/19 v1.1 Manage graphics extensions (HO)

(/usr/share/texlive/texmf-dist/tex/generic/oberdiek/kvdefinekeys.sty
Package: kvdefinekeys 2011/04/07 v1.3 Define keys (HO)
))
(/usr/share/texlive/texmf-dist/tex/latex/oberdiek/kvoptions.sty
Package: kvoptions 2011/06/30 v3.11 Key value format for package options (HO)

(/usr/share/texlive/texmf-dist/tex/generic/oberdiek/kvsetkeys.sty
Package: kvsetkeys 2012/04/25 v1.16 Key value parser (HO)

(/usr/share/texlive/texmf-dist/tex/generic/oberdiek/etexcmds.sty
Package: etexcmds 2011/02/16 v1.5 Avoid name clashes with e-TeX commands (HO)
Package etexcmds Info: Could not find \expanded.
(etexcmds)             That can mean that you are not using pdfTeX 1.50 or
(etexcmds)             that some package has redefined \expanded.
(etexcmds)             In the latter case, load this package earlier.
)))
Package grfext Info: Graphics extension search list:
(grfext)             [.png,.pdf,.jpg,.mps,.jpeg,.jbig2,.jb2,.PNG,.PDF,.JPG,.JPE
G,.JBIG2,.JB2,.eps]
(grfext)             \AppendGraphicsExtensions on input line 452.

(/usr/share/texlive/texmf-dist/tex/latex/latexconfig/epstopdf-sys.cfg
File: epstopdf-sys.cfg 2010/07/13 v1.3 Configuration of (r)epstopdf for TeX Liv
e
))
LaTeX Font Info:    Try loading font information for U+lasy on input line 26.

(/usr/share/texlive/texmf-dist/tex/latex/base/ulasy.fd
File: ulasy.fd 1998/08/17 v2.2e LaTeX symbol font definitions
)
LaTeX Font Info:    Try loading font information for U+msa on input line 26.

(/usr/share/texlive/texmf-dist/tex/latex/amsfonts/umsa.fd
File: umsa.fd 2013/01/14 v3.01 AMS symbols A
)
LaTeX Font Info:    Try loading font information for U+msb on input line 26.

(/usr/share/texlive/texmf-dist/tex/latex/amsfonts/umsb.fd
File: umsb.fd 2013/01/14 v3.01 AMS symbols B
) [1

{/var/lib/texmf/fonts/map/pdftex/updmap/pdftex.map}] [2] [3]
Overfull \hbox (106.95299pt too wide) detected at line 212
\OT1/cmr/m/n/10.95 = \OML/cmm/m/it/10.95 S \OMS/cmsy/m/n/10.95 ^^@ \OT1/cmr/m/n
/10.95 (\OML/cmm/m/it/10.95 S\OT1/cmr/m/n/10.95 (\OML/cmm/m/it/10.95 x[] \OMS/c
msy/m/n/10.95 ^^U \OT1/cmr/m/n/10.95 5) + \OML/cmm/m/it/10.95 S\OT1/cmr/m/n/10.
95 (\OML/cmm/m/it/10.95 y[] \OMS/cmsy/m/n/10.95 ^^U \OT1/cmr/m/n/10.95 7) + \OM
L/cmm/m/it/10.95 S\OT1/cmr/m/n/10.95 (\OML/cmm/m/it/10.95 z[] \OMS/cmsy/m/n/10.
95 ^^U \OT1/cmr/m/n/10.95 8) \OMS/cmsy/m/n/10.95 ^^@ \OML/cmm/m/it/10.95 S\OT1/
cmr/m/n/10.95 (\OML/cmm/m/it/10.95 x[] \OMS/cmsy/m/n/10.95 ^^U \OT1/cmr/m/n/10.
95 5 \OMS/cmsy/m/n/10.95 ^ \OML/cmm/m/it/10.95 y[] \OMS/cmsy/m/n/10.95 ^^U \OT1
/cmr/m/n/10.95 7) \OMS/cmsy/m/n/10.95 ^^@ \OML/cmm/m/it/10.95 S\OT1/cmr/m/n/10.
95 (\OML/cmm/m/it/10.95 x[] \OMS/cmsy/m/n/10.95 ^^U \OT1/cmr/m/n/10.95 5 \OMS/c
msy/m/n/10.95 ^ \OML/cmm/m/it/10.95 z[] \OMS/cmsy/m/n/10.95 ^^U \OT1/cmr/m/n/10
.95 8) \OMS/cmsy/m/n/10.95 ^^@ \OML/cmm/m/it/10.95 S\OT1/cmr/m/n/10.95 (\OML/cm
m/m/it/10.95 y[] \OMS/cmsy/m/n/10.95 ^^U \OT1/cmr/m/n/10.95 7 \OMS/cmsy/m/n/10.
95 ^ \OML/cmm/m/it/10.95 z[] \OMS/cmsy/m/n/10.95 ^^U \OT1/cmr/m/n/10.95 8) + \O
ML/cmm/m/it/10.95 S\OT1/cmr/m/n/10.95 (\OML/cmm/m/it/10.95 x \OMS/cmsy/m/n/10.9
5 ^^U \OT1/cmr/m/n/10.95 5 \OMS/cmsy/m/n/10.95 ^ \OML/cmm/m/it/10.95 y[] \OMS/c
msy/m/n/10.95 ^^U \OT1/cmr/m/n/10.95 7 \OMS/cmsy/m/n/10.95 ^ \OML/cmm/m/it/10.9
5 z[] \OMS/cmsy/m/n/10.95 ^^U \OT1/cmr/m/n/10.95 8))
 []

[4] (./pdf/hw4.aux) ) 
Here is how much of TeX's memory you used:
 2339 strings out of 493304
 31093 string characters out of 6139871
 96342 words of memory out of 5000000
 5755 multiletter control sequences out of 15000+600000
 10465 words of font info for 41 fonts, out of 8000000 for 9000
 957 hyphenation exceptions out of 8191
 38i,6n,24p,229b,212s stack positions out of 5000i,500n,10000p,200000b,80000s
</usr/share/texlive/texmf-dist/fonts/type1/public/amsfonts
/cm/cmbx10.pfb></usr/share/texlive/texmf-dist/fonts/type1/public/amsfonts/cm/cm
bx12.pfb></usr/share/texlive/texmf-dist/fonts/type1/public/amsfonts/cm/cmcsc10.
pfb></usr/share/texlive/texmf-dist/fonts/type1/public/amsfonts/cm/cmex10.pfb></
usr/share/texlive/texmf-dist/fonts/type1/public/amsfonts/cm/cmmi10.pfb></usr/sh
are/texlive/texmf-dist/fonts/type1/public/amsfonts/cm/cmmi8.pfb></usr/share/tex
live/texmf-dist/fonts/type1/public/amsfonts/cm/cmr10.pfb></usr/share/texlive/te
xmf-dist/fonts/type1/public/amsfonts/cm/cmr12.pfb></usr/share/texlive/texmf-dis
t/fonts/type1/public/amsfonts/cm/cmr6.pfb></usr/share/texlive/texmf-dist/fonts/
type1/public/amsfonts/cm/cmr8.pfb></usr/share/texlive/texmf-dist/fonts/type1/pu
blic/amsfonts/cm/cmsy10.pfb></usr/share/texlive/texmf-dist/fonts/type1/public/a
msfonts/cm/cmsy8.pfb></usr/share/texlive/texmf-dist/fonts/type1/public/amsfonts
/cm/cmti12.pfb>
Output written on pdf/hw4.pdf (4 pages, 139745 bytes).
PDF statistics:
 69 PDF objects out of 1000 (max. 8388607)
 49 compressed objects within 1 object stream
 0 named destinations out of 1000 (max. 500000)
 1 words of extra memory for PDF output out of 10000 (max. 10000000)

